<?xml version="1.0" encoding="UTF-8"?>
<testsuite xmlns:xsi="http://www.w3.org/2001/XMLSchema-instance" xsi:noNamespaceSchemaLocation="https://maven.apache.org/surefire/maven-surefire-plugin/xsd/surefire-test-report-3.0.xsd" version="3.0" name="com.googledrive.usersystem.UsersystemApplicationTests" time="8.624" tests="1" errors="0" skipped="0" failures="0">
  <properties>
[...]
</properties>
  <testcase name="contextLoads" classname="com.googledrive.usersystem.UsersystemApplicationTests" time="1.103">
    <system-out><![CDATA[13:32:14.632 [main] INFO org.springframework.test.context.support.AnnotationConfigContextLoaderUtils -- Could not detect default configuration classes for test class [com.googledrive.usersystem.UsersystemApplicationTests]: UsersystemApplicationTests does not declare any static, non-private, non-final, nested classes annotated with @Configuration.
13:32:14.790 [main] INFO org.springframework.boot.test.context.SpringBootTestContextBootstrapper -- Found @SpringBootConfiguration com.googledrive.usersystem.UsersystemApplication for test class com.googledrive.usersystem.UsersystemApplicationTests

  .   ____          _            __ _ _
 /\\ / ___'_ __ _ _(_)_ __  __ _ \ \ \ \
( ( )\___ | '_ | '_| | '_ \/ _` | \ \ \ \
 \\/  ___)| |_)| | | | | || (_| |  ) ) ) )
  '  |____| .__|_| |_|_| |_\__, | / / / /
 =========|_|==============|___/=/_/_/_/
 :: Spring Boot ::                (v3.1.2)

2023-07-27T13:32:15.415Z  INFO 3488 --- [           main] c.g.u.UsersystemApplicationTests         : Starting UsersystemApplicationTests using Java 17.0.7 with PID 3488 (started by lokeshnelapati12 in /home/lokeshnelapati12/UserSystem/usersystem)
2023-07-27T13:32:15.419Z  INFO 3488 --- [           main] c.g.u.UsersystemApplicationTests         : No active profile set, falling back to 1 default profile: "default"
2023-07-27T13:32:16.945Z  INFO 3488 --- [           main] com.zaxxer.hikari.HikariDataSource       : HikariPool-1 - Starting...
2023-07-27T13:32:17.107Z  INFO 3488 --- [           main] c.g.cloud.sql.core.CoreSocketFactory     : First Cloud SQL connection, generating RSA key pair.
2023-07-27T13:32:19.805Z  INFO 3488 --- [           main] com.zaxxer.hikari.pool.HikariPool        : HikariPool-1 - Added connection com.mysql.cj.jdbc.ConnectionImpl@1150d471
2023-07-27T13:32:19.809Z  INFO 3488 --- [           main] com.zaxxer.hikari.HikariDataSource       : HikariPool-1 - Start completed.
2023-07-27T13:32:19.846Z  INFO 3488 --- [           main] com.zaxxer.hikari.HikariDataSource       : HikariPool-2 - Starting...
2023-07-27T13:32:20.493Z  INFO 3488 --- [           main] com.zaxxer.hikari.pool.HikariPool        : HikariPool-2 - Added connection com.mysql.cj.jdbc.ConnectionImpl@abad89c
2023-07-27T13:32:20.494Z  INFO 3488 --- [           main] com.zaxxer.hikari.HikariDataSource       : HikariPool-2 - Start completed.
2023-07-27T13:32:21.675Z  INFO 3488 --- [           main] o.s.b.t.m.w.SpringBootMockServletContext : Initializing Spring TestDispatcherServlet ''
2023-07-27T13:32:21.676Z  INFO 3488 --- [           main] o.s.t.web.servlet.TestDispatcherServlet  : Initializing Servlet ''
2023-07-27T13:32:21.690Z  INFO 3488 --- [           main] o.s.b.a.e.web.EndpointLinksResolver      : Exposing 1 endpoint(s) beneath base path '/actuator'
2023-07-27T13:32:21.714Z  INFO 3488 --- [           main] o.s.t.web.servlet.TestDispatcherServlet  : Completed initialization in 35 ms
2023-07-27T13:32:21.837Z  INFO 3488 --- [           main] c.g.u.UsersystemApplicationTests         : Started UsersystemApplicationTests in 6.828 seconds (process running for 8.305)
]]></system-out>
  </testcase>
</testsuite>